<?xml version="1.0" encoding="UTF-8"?>
<!-- Generated by org.testng.reporters.JUnitReportReporter -->
<testsuite hostname="LAPTOP-33JDKDRM" failures="0" tests="1" name="Test_Classes.Patch_TC1" time="5.168" errors="0" timestamp="2023-06-26T10:02:49 IST" skipped="0">
  <testcase classname="Test_Classes.Patch_TC1" name="extractor" time="5.168"/>
  <system-out/>
</testsuite> <!-- Test_Classes.Patch_TC1 -->
